DEBUG main org.springframework.beans.factory.support.DefaultListableBeanFactory - Returning cached instance of singleton bean 'org.springframework.transaction.config.internalTransactionAdvisor'
DEBUG main org.springframework.beans.factory.support.DefaultListableBeanFactory - Finished creating instance of bean 'org.springframework.web.servlet.mvc.HttpRequestHandlerAdapter'
DEBUG main org.springframework.beans.factory.support.DefaultListableBeanFactory - Creating shared instance of singleton bean 'org.springframework.web.servlet.mvc.SimpleControllerHandlerAdapter'
DEBUG main org.springframework.beans.factory.support.DefaultListableBeanFactory - Creating instance of bean 'org.springframework.web.servlet.mvc.SimpleControllerHandlerAdapter'
DEBUG main org.springframework.beans.factory.support.DefaultListableBeanFactory - Eagerly caching bean 'org.springframework.web.servlet.mvc.SimpleControllerHandlerAdapter' to allow for resolving potential circular references
DEBUG main org.springframework.beans.factory.support.DefaultListableBeanFactory - Returning cached instance of singleton bean 'org.springframework.transaction.config.internalTransactionAdvisor'
DEBUG main org.springframework.beans.factory.support.DefaultListableBeanFactory - Finished creating instance of bean 'org.springframework.web.servlet.mvc.SimpleControllerHandlerAdapter'
DEBUG main org.springframework.beans.factory.support.DefaultListableBeanFactory - Returning cached instance of singleton bean 'org.springframework.context.annotation.ConfigurationClassPostProcessor.importAwareProcessor'
DEBUG main org.springframework.beans.factory.support.DefaultListableBeanFactory - Returning cached instance of singleton bean 'org.springframework.context.annotation.ConfigurationClassPostProcessor.enhancedConfigurationProcessor'
DEBUG main org.springframework.web.context.support.XmlWebApplicationContext - Unable to locate LifecycleProcessor with name 'lifecycleProcessor': using default [org.springframework.context.support.DefaultLifecycleProcessor@51d07142]
DEBUG main org.springframework.beans.factory.support.DefaultListableBeanFactory - Returning cached instance of singleton bean 'lifecycleProcessor'
DEBUG main org.springframework.beans.factory.support.DefaultListableBeanFactory - Returning cached instance of singleton bean 'multipartResolver'
DEBUG main org.springframework.web.servlet.DispatcherServlet - Using MultipartResolver [org.springframework.web.multipart.commons.CommonsMultipartResolver@6cd57e70]
DEBUG main org.springframework.beans.factory.support.DefaultListableBeanFactory - Creating instance of bean 'org.springframework.web.servlet.i18n.AcceptHeaderLocaleResolver'
DEBUG main org.springframework.beans.factory.support.DefaultListableBeanFactory - Returning cached instance of singleton bean 'org.springframework.transaction.config.internalTransactionAdvisor'
DEBUG main org.springframework.beans.factory.support.DefaultListableBeanFactory - Finished creating instance of bean 'org.springframework.web.servlet.i18n.AcceptHeaderLocaleResolver'
DEBUG main org.springframework.web.servlet.DispatcherServlet - Unable to locate LocaleResolver with name 'localeResolver': using default [org.springframework.web.servlet.i18n.AcceptHeaderLocaleResolver@3bddadb1]
DEBUG main org.springframework.beans.factory.support.DefaultListableBeanFactory - Creating instance of bean 'org.springframework.web.servlet.theme.FixedThemeResolver'
DEBUG main org.springframework.beans.factory.support.DefaultListableBeanFactory - Returning cached instance of singleton bean 'org.springframework.transaction.config.internalTransactionAdvisor'
DEBUG main org.springframework.beans.factory.support.DefaultListableBeanFactory - Finished creating instance of bean 'org.springframework.web.servlet.theme.FixedThemeResolver'
DEBUG main org.springframework.web.servlet.DispatcherServlet - Unable to locate ThemeResolver with name 'themeResolver': using default [org.springframework.web.servlet.theme.FixedThemeResolver@55f805f6]
DEBUG main org.springframework.beans.factory.support.DefaultListableBeanFactory - Returning cached instance of singleton bean 'org.springframework.web.servlet.mvc.method.annotation.RequestMappingHandlerMapping'
DEBUG main org.springframework.beans.factory.support.DefaultListableBeanFactory - Returning cached instance of singleton bean 'org.springframework.web.servlet.handler.BeanNameUrlHandlerMapping'
DEBUG main org.springframework.beans.factory.support.DefaultListableBeanFactory - Returning cached instance of singleton bean 'org.springframework.web.servlet.mvc.method.annotation.RequestMappingHandlerAdapter'
DEBUG main org.springframework.beans.factory.support.DefaultListableBeanFactory - Returning cached instance of singleton bean 'org.springframework.web.servlet.mvc.HttpRequestHandlerAdapter'
DEBUG main org.springframework.beans.factory.support.DefaultListableBeanFactory - Returning cached instance of singleton bean 'org.springframework.web.servlet.mvc.SimpleControllerHandlerAdapter'
DEBUG main org.springframework.beans.factory.support.DefaultListableBeanFactory - Returning cached instance of singleton bean 'org.springframework.web.servlet.mvc.method.annotation.ExceptionHandlerExceptionResolver#0'
DEBUG main org.springframework.beans.factory.support.DefaultListableBeanFactory - Returning cached instance of singleton bean 'org.springframework.web.servlet.mvc.annotation.ResponseStatusExceptionResolver#0'
DEBUG main org.springframework.beans.factory.support.DefaultListableBeanFactory - Returning cached instance of singleton bean 'org.springframework.web.servlet.mvc.support.DefaultHandlerExceptionResolver#0'
DEBUG main org.springframework.beans.factory.support.DefaultListableBeanFactory - Creating instance of bean 'org.springframework.web.servlet.view.DefaultRequestToViewNameTranslator'
DEBUG main org.springframework.beans.factory.support.DefaultListableBeanFactory - Returning cached instance of singleton bean 'org.springframework.transaction.config.internalTransactionAdvisor'
DEBUG main org.springframework.beans.factory.support.DefaultListableBeanFactory - Finished creating instance of bean 'org.springframework.web.servlet.view.DefaultRequestToViewNameTranslator'
DEBUG main org.springframework.web.servlet.DispatcherServlet - Unable to locate RequestToViewNameTranslator with name 'viewNameTranslator': using default [org.springframework.web.servlet.view.DefaultRequestToViewNameTranslator@2db666e]
DEBUG main org.springframework.beans.factory.support.DefaultListableBeanFactory - Creating instance of bean 'org.springframework.web.servlet.view.InternalResourceViewResolver'
DEBUG main org.springframework.beans.factory.support.DefaultListableBeanFactory - Returning cached instance of singleton bean 'org.springframework.transaction.config.internalTransactionAdvisor'
DEBUG main org.springframework.beans.factory.support.DefaultListableBeanFactory - Finished creating instance of bean 'org.springframework.web.servlet.view.InternalResourceViewResolver'
DEBUG main org.springframework.web.servlet.DispatcherServlet - No ViewResolvers found in servlet 'applicationContext': using default
DEBUG main org.springframework.beans.factory.support.DefaultListableBeanFactory - Creating instance of bean 'org.springframework.web.servlet.support.SessionFlashMapManager'
DEBUG main org.springframework.beans.factory.support.DefaultListableBeanFactory - Returning cached instance of singleton bean 'org.springframework.transaction.config.internalTransactionAdvisor'
DEBUG main org.springframework.beans.factory.support.DefaultListableBeanFactory - Finished creating instance of bean 'org.springframework.web.servlet.support.SessionFlashMapManager'
DEBUG main org.springframework.web.servlet.DispatcherServlet - Unable to locate FlashMapManager with name 'flashMapManager': using default [org.springframework.web.servlet.support.SessionFlashMapManager@d1b3f17]
DEBUG main org.springframework.core.env.PropertySourcesPropertyResolver - Searching for key 'spring.liveBeansView.mbeanDomain' in [servletConfigInitParams]
DEBUG main org.springframework.core.env.PropertySourcesPropertyResolver - Searching for key 'spring.liveBeansView.mbeanDomain' in [servletContextInitParams]
DEBUG main org.springframework.core.env.PropertySourcesPropertyResolver - Searching for key 'spring.liveBeansView.mbeanDomain' in [systemProperties]
DEBUG main org.springframework.core.env.PropertySourcesPropertyResolver - Searching for key 'spring.liveBeansView.mbeanDomain' in [systemEnvironment]
DEBUG main org.springframework.core.env.PropertySourcesPropertyResolver - Could not find key 'spring.liveBeansView.mbeanDomain' in any property source. Returning [null]
DEBUG main org.springframework.web.servlet.DispatcherServlet - Published WebApplicationContext of servlet 'applicationContext' as ServletContext attribute with name [org.springframework.web.servlet.FrameworkServlet.CONTEXT.applicationContext]
INFO main org.springframework.web.servlet.DispatcherServlet - FrameworkServlet 'applicationContext': initialization completed in 2448 ms
DEBUG main org.springframework.web.servlet.DispatcherServlet - Servlet 'applicationContext' configured successfully
DEBUG main org.eclipse.jetty.util.component.AbstractLifeCycle - STARTED applicationContext
DEBUG main org.eclipse.jetty.webapp.WebAppContext - postConfigure o.e.j.w.WebAppContext{/,file:/G:/BaseServer/web/} with org.eclipse.jetty.webapp.WebInfConfiguration@6093727d
DEBUG main org.eclipse.jetty.webapp.WebAppContext - postConfigure o.e.j.w.WebAppContext{/,file:/G:/BaseServer/web/} with org.eclipse.jetty.webapp.WebXmlConfiguration@4f4f4ec4
DEBUG main org.eclipse.jetty.webapp.WebAppContext - postConfigure o.e.j.w.WebAppContext{/,file:/G:/BaseServer/web/} with org.eclipse.jetty.webapp.MetaInfConfiguration@30fffd2c
DEBUG main org.eclipse.jetty.webapp.WebAppContext - postConfigure o.e.j.w.WebAppContext{/,file:/G:/BaseServer/web/} with org.eclipse.jetty.webapp.FragmentConfiguration@5254e73f
DEBUG main org.eclipse.jetty.webapp.WebAppContext - postConfigure o.e.j.w.WebAppContext{/,file:/G:/BaseServer/web/} with org.eclipse.jetty.webapp.JettyWebXmlConfiguration@5176f87c
DEBUG main org.eclipse.jetty.util.component.AbstractLifeCycle - STARTED o.e.j.w.WebAppContext{/,file:/G:/BaseServer/web/}
DEBUG main org.eclipse.jetty.server.handler.AbstractHandler - starting org.eclipse.jetty.server.Server@4c27d525
DEBUG main org.eclipse.jetty.util.component.AbstractLifeCycle - starting qtp621052164{8<=0<=0/254,-1}
DEBUG main org.eclipse.jetty.util.component.AbstractLifeCycle - STARTED qtp621052164{8<=4<=8/254,0}
DEBUG main org.eclipse.jetty.util.component.AbstractLifeCycle - starting SelectChannelConnector@0.0.0.0:8080
DEBUG main org.eclipse.jetty.util.component.AbstractLifeCycle - starting null/null
DEBUG main org.eclipse.jetty.util.component.AbstractLifeCycle - STARTED PooledBuffers [0/1024@6144,0/1024@16384,0/1024@-]/PooledBuffers [0/1024@6144,0/1024@32768,0/1024@-]
DEBUG main org.eclipse.jetty.util.component.AbstractLifeCycle - starting org.eclipse.jetty.server.nio.SelectChannelConnector$ConnectorSelectorManager@1beb6bba
DEBUG main org.eclipse.jetty.util.component.AbstractLifeCycle - STARTED org.eclipse.jetty.server.nio.SelectChannelConnector$ConnectorSelectorManager@1beb6bba
DEBUG qtp621052164-13 Selector0 org.eclipse.jetty.io.nio - Starting Thread[qtp621052164-13 Selector0,5,main] on org.eclipse.jetty.io.nio.SelectorManager$1@4048affb
INFO main org.eclipse.jetty.server.AbstractConnector - Started SelectChannelConnector@0.0.0.0:8080
DEBUG main org.eclipse.jetty.util.component.AbstractLifeCycle - STARTED SelectChannelConnector@0.0.0.0:8080
DEBUG main org.eclipse.jetty.util.component.AbstractLifeCycle - STARTED org.eclipse.jetty.server.Server@4c27d525
